<?xml version="1.0" encoding="UTF-8"?>
<!-- Generated by org.testng.reporters.JUnitReportReporter -->
<testsuite hostname="Punarvis-Laptop.local" failures="0" tests="8" name="Endtoend" time="5.319" errors="0" timestamp="2024-04-07T17:12:54 SGT" skipped="0">
  <testcase classname="Endtoend" name="toDoPage" time="0.017"/>
  <system-out/>
  <testcase classname="Endtoend" name="enterTasks" time="0.176"/>
  <system-out/>
  <testcase classname="Endtoend" name="totalTasks" time="0.007"/>
  <system-out/>
  <testcase classname="Endtoend" name="selectUnselecttAllTasks" time="0.049"/>
  <system-out/>
  <testcase classname="Endtoend" name="completedTasks" time="0.067"/>
  <system-out/>
  <testcase classname="Endtoend" name="activeTasks" time="0.065"/>
  <system-out/>
  <testcase classname="Endtoend" name="itemsLeft" time="0.009"/>
  <system-out/>
  <testcase classname="Endtoend" name="clearCompleted" time="4.929"/>
  <system-out/>
</testsuite> <!-- Endtoend -->
