<?xml version="1.0" encoding="UTF-8"?>
<!-- Generated by org.testng.reporters.JUnitReportReporter -->
<testsuite hostname="Punarvis-Laptop.local" failures="0" tests="7" name="Alltodos" time="31.565" errors="0" timestamp="2024-04-06T23:03:10 SGT" skipped="0">
  <testcase classname="Alltodos" name="enterTasks" time="0.186"/>
  <system-out/>
  <testcase classname="Alltodos" name="totalTasks" time="0.008"/>
  <system-out/>
  <testcase classname="Alltodos" name="selectUnselecttAllTasks" time="6.082"/>
  <system-out/>
  <testcase classname="Alltodos" name="completedTasks" time="3.103"/>
  <system-out/>
  <testcase classname="Alltodos" name="activeTasks" time="3.033"/>
  <system-out/>
  <testcase classname="Alltodos" name="itemsLeft" time="3.033"/>
  <system-out/>
  <testcase classname="Alltodos" name="clearCompleted" time="16.120"/>
  <system-out/>
</testsuite> <!-- Alltodos -->
