<?xml version="1.0" encoding="UTF-8"?>
<!-- Generated by org.testng.reporters.JUnitReportReporter -->
<testsuite hostname="Punarvis-Laptop.local" failures="0" tests="2" name="ManageTasks" time="2.114" errors="0" timestamp="2024-04-05T23:38:27 SGT" skipped="0">
  <testcase classname="ManageTasks" name="enterTasks" time="2.088"/>
  <testcase classname="ManageTasks" name="selectCompletedTasks" time="0.026"/>
</testsuite> <!-- ManageTasks -->
